2012-04-03 13:59:18,140  SEVERE [com.gigaspaces.lrmi] - LRMI transport protocol over NIO connection [NIO://Carsten-X220:1729/pid[3364]/4161734600728_3_8425498960447074554] caught unexpected exception: com.gigaspaces.lrmi.nio.MarshallingException: Failed to marsh: [RequestPacket: interface com.gigaspaces.internal.server.space.IRemoteSpace.write(com.gigaspaces.internal.transport.IEntryPacket (class=praktikum.Roxel,uid=null,version=0,operationId=ID:2563563753148904153.86), net.jini.core.transaction.Transaction null, long 9223372036854775807, int 4096, com.j_spaces.core.SpaceContext null), isOneWay = false, isCallBack = false]; Caused by: com.gigaspaces.lrmi.nio.MarshallingException: Failed to marsh: [RequestPacket: interface com.gigaspaces.internal.server.space.IRemoteSpace.write(com.gigaspaces.internal.transport.IEntryPacket (class=praktikum.Roxel,uid=null,version=0,operationId=ID:2563563753148904153.86), net.jini.core.transaction.Transaction null, long 9223372036854775807, int 4096, com.j_spaces.core.SpaceContext null), isOneWay = false, isCallBack = false]
	at com.gigaspaces.lrmi.nio.Writer.writePacket(Writer.java:208)
	at com.gigaspaces.lrmi.nio.Writer.writeRequest(Writer.java:148)
	at com.gigaspaces.lrmi.nio.Writer.writeRequest(Writer.java:153)
	at com.gigaspaces.lrmi.nio.CPeer.invoke(CPeer.java:541)
	at com.gigaspaces.lrmi.ConnPoolInvocationHandler.invoke(ConnPoolInvocationHandler.java:47)
	at com.gigaspaces.lrmi.MethodCachedInvocationHandler.invoke(MethodCachedInvocationHandler.java:69)
	at com.gigaspaces.lrmi.DynamicSmartStub.invokeRemote(DynamicSmartStub.java:460)
	at com.gigaspaces.lrmi.DynamicSmartStub.invoke(DynamicSmartStub.java:411)
	at com.gigaspaces.reflect.$GSProxy9.write(Unknown Source)
	at com.gigaspaces.internal.lrmi.stubs.LRMISpaceImpl.write(LRMISpaceImpl.java:150)
	at com.gigaspaces.internal.client.spaceproxy.actions.SpaceProxyImplWriteUpdateAction.internalWrite(SpaceProxyImplWriteUpdateAction.java:142)
	at com.gigaspaces.internal.client.spaceproxy.actions.SpaceProxyImplWriteUpdateAction.write(SpaceProxyImplWriteUpdateAction.java:100)
	at com.gigaspaces.internal.client.spaceproxy.actions.SpaceProxyImplWriteUpdateAction.write(SpaceProxyImplWriteUpdateAction.java:82)
	at com.gigaspaces.internal.client.spaceproxy.actions.SpaceProxyImplWriteUpdateAction.write(SpaceProxyImplWriteUpdateAction.java:43)
	at com.gigaspaces.internal.client.spaceproxy.actions.AbstractSpaceProxyActionManager.write(AbstractSpaceProxyActionManager.java:451)
	at com.gigaspaces.internal.client.spaceproxy.AbstractSpaceProxy.write(AbstractSpaceProxy.java:475)
	at org.openspaces.core.DefaultGigaSpace.write(DefaultGigaSpace.java:787)
	at org.openspaces.core.DefaultGigaSpace.write(DefaultGigaSpace.java:781)
	at praktikum.TupelSpaceAdapter.writeToSpace(TupelSpaceAdapter.java:62)
	at praktikum.World.initCars(World.java:113)
	at praktikum.World.initWorld(World.java:36)
	at praktikum.Simulation.init(Simulation.java:78)
	at org.newdawn.slick.AppGameContainer.setup(AppGameContainer.java:390)
	at org.newdawn.slick.AppGameContainer.start(AppGameContainer.java:314)
	at praktikum.Simulation.main(Simulation.java:97)
Caused by: com.j_spaces.core.EntrySerializationException: Failed to serialize property #1 (Name=[occupingCar], Type=[praktikum.Car]) in entry of type [praktikum.Roxel]. Value=[Thread[Thread-2,5,main]]
	at com.gigaspaces.internal.transport.EntryPacket.createPropertySerializationException(EntryPacket.java:436)
	at com.gigaspaces.internal.transport.EntryPacket.serializePacket(EntryPacket.java:332)
	at com.gigaspaces.internal.transport.EntryPacket.writeExternal(EntryPacket.java:300)
	at com.gigaspaces.internal.transport.AbstractEntryPacket.writeExternalImpl(AbstractEntryPacket.java:265)
	at com.gigaspaces.internal.serialization.AbstractExternalizable.writeExternal(AbstractExternalizable.java:32)
	at java.io.ObjectOutputStream.writeExternalData(Unknown Source)
	at java.io.ObjectOutputStream.writeOrdinaryObject(Unknown Source)
	at java.io.ObjectOutputStream.writeObject0(Unknown Source)
	at java.io.ObjectOutputStream.writeObject(Unknown Source)
	at com.gigaspaces.internal.io.IOUtils.marshalValue(IOUtils.java:245)
	at com.gigaspaces.lrmi.nio.RequestPacket.writeExternal(RequestPacket.java:242)
	at com.gigaspaces.lrmi.nio.Writer.writePacket(Writer.java:203)
	... 24 more
Caused by: java.io.NotSerializableException: praktikum.Car
	at java.io.ObjectOutputStream.writeObject0(Unknown Source)
	at java.io.ObjectOutputStream.writeObject(Unknown Source)
	at com.gigaspaces.internal.serialization.ObjectClassSerializer.write(ObjectClassSerializer.java:36)
	at com.gigaspaces.internal.io.IOUtils.writeObject(IOUtils.java:691)
	at com.gigaspaces.internal.io.IOUtils.writeObjectArray(IOUtils.java:731)
	at com.gigaspaces.internal.io.IOUtils.writeObjectArrayCompressed(IOUtils.java:823)
	at com.gigaspaces.internal.transport.EntryPacket.serializePacket(EntryPacket.java:328)
	... 34 more

