Session started : 07.06.12 14:39
Analyzer has finished: CTL-MC-Analyzer
Analyzer: CTL-MC-Analyzer
start time: 07.06.12 14:40
starts analysis with following options:
mode : CTL
CTL model checker output:
the ctl formula 
AF(Sender_0==1 -> A(Ack_0==1 U Sender_1==1));
 is false
A [true U (! (place (0) == 1 ) + A [place (4) == 1  U place (1) == 1 ])] -- false
the ctl formula 
AG(Sender_0==1 & Message_1==1) -> AG Ack_1==0;
 is true
(! (! (E [true U ! ((place (0) == 1  * place (8) == 1 ))])) + ! (E [true U ! (place (10) == 0 )])) -- true
the ctl formula 
Sender_0 == 1 -> A(Message_0==1 U Sender_1==1);
 is false
(! (place (0) == 1 ) + A [place (2) == 1  U place (1) == 1 ]) -- false
the ctl formula 
A(Sender_1 == 1 U  AF Ack_1==1) -> AF Sender_0==1;
 is true
(! (A [place (1) == 1  U A [true U place (10) == 1 ]]) + A [true U place (0) == 1 ]) -- true
time: 00:00:00:019


---------------FINAL RESULTS----------------------

  PUR   ORD   HOM   NBM   CSV   SCF   FT0   TF0   FP0   PF0   CON   SC    NC  
   N     Y     Y     Y     N     N     Y     Y     Y     Y     Y     Y    nES 
 RKTH   STP   CPI   CTI  SCTI    SB   k-B   1-B   DCF   DSt   DTr   LIV   REV 
   -     -     -     Y     -     -      1    Y     Y      0    Y     Y     Y  
  SSI   RNK  SCCS  SECS 
   -     -      3    12 
--------------------------------------------------
Session finsihed : 07.06.12 14:44
